<?xml version="1.0" encoding="UTF-8"?>
<!-- Generated by org.testng.reporters.JUnitXMLReporter -->
<testsuite ignored="0" hostname="LAPTOP-N6R24P62" failures="0" tests="3" name="annotations" time="6.23" errors="0" timestamp="2021-11-26T15:10:58 IST">
  <testcase classname="Testng2.AnnotationsStudy" name="testmethod" time="0.007"/>
  <testcase classname="Testng2.AnnotationsStudy" name="testmethod1" time="0.001"/>
  <testcase classname="Testng2.NewTest1" name="demo1" time="6.083"/>
</testsuite> <!-- annotations -->
