<?xml version="1.0" encoding="UTF-8"?>
<!-- Generated by org.testng.reporters.JUnitXMLReporter -->
<testsuite ignored="4" hostname="LAPTOP-N6R24P62" failures="0" tests="4" name="Test5555" time="0.148" errors="0" timestamp="2021-12-03T18:06:21 IST">
  <testcase classname="grouping.NewTest1111" name="tc3" time="0.018"/>
  <testcase classname="grouping.NewTest1111" name="tc4" time="0.008"/>
  <testcase classname="grouping.NewTest123" name="tc7" time="0.005"/>
  <testcase classname="grouping.NewTest123" name="tc8" time="0.004"/>
  <testcase classname="grouping.NewTest1111" name="tc1" time="0.0">
    <ignored/>
  </testcase> <!-- tc1 -->
  <testcase classname="grouping.NewTest1111" name="tc2" time="0.0">
    <ignored/>
  </testcase> <!-- tc2 -->
  <testcase classname="grouping.NewTest123" name="tc5" time="0.0">
    <ignored/>
  </testcase> <!-- tc5 -->
  <testcase classname="grouping.NewTest123" name="tc6" time="0.0">
    <ignored/>
  </testcase> <!-- tc6 -->
</testsuite> <!-- Test5555 -->
