<?xml version="1.0" encoding="UTF-8"?>
<!-- Generated by org.testng.reporters.JUnitXMLReporter -->
<testsuite ignored="0" hostname="LAPTOP-N6R24P62" failures="2" tests="10" name="Test" time="0.265" errors="0" timestamp="2021-12-08T16:22:05 IST">
  <testcase classname="Listener_Study.teste1" name="TC3" time="0.021">
    <failure type="java.lang.AssertionError" message="null">
      <![CDATA[java.lang.AssertionError: null
at Listener_Study.teste1.TC3(teste1.java:18)
at java.base/java.util.ArrayList.forEach(ArrayList.java:1541)
... Removed 29 stack frames]]>
    </failure>
  </testcase> <!-- TC3 -->
  <testcase classname="Listener_Study.teste1" name="TC1" time="0.007"/>
  <testcase classname="Listener_Study.teste1" name="TC2" time="0.0"/>
  <testcase classname="Listener_Study.teste1" name="TC4" time="0.005"/>
  <testcase classname="Listener_Study.teste1" name="TC5" time="0.0">
    <skipped/>
  </testcase> <!-- TC5 -->
  <testcase classname="Listener_Study.test2" name="TC6" time="0.0"/>
  <testcase classname="Listener_Study.test2" name="TC7" time="0.006"/>
  <testcase classname="Listener_Study.test2" name="TC8" time="0.008">
    <failure type="java.lang.AssertionError" message="null">
      <![CDATA[java.lang.AssertionError: null
at Listener_Study.test2.TC8(test2.java:18)
at java.base/java.util.ArrayList.forEach(ArrayList.java:1541)
... Removed 29 stack frames]]>
    </failure>
  </testcase> <!-- TC8 -->
  <testcase classname="Listener_Study.test2" name="TC9" time="0.004"/>
  <testcase classname="Listener_Study.test2" name="TC10" time="0.0">
    <skipped/>
  </testcase> <!-- TC10 -->
</testsuite> <!-- Test -->
