<?xml version="1.0" encoding="UTF-8"?>
<testng-results ignored="0" total="1" passed="1" failed="0" skipped="0">
  <reporter-output>
    <line>
      <![CDATA[all matched]]>
    </line>
    <line>
      <![CDATA[all pass matched]]>
    </line>
  </reporter-output>
  <suite started-at="2022-03-04T09:13:17 IST" name="Default suite" finished-at="2022-03-04T09:13:31 IST" duration-ms="13923">
    <groups>
    </groups>
    <test started-at="2022-03-04T09:13:17 IST" name="Default test" finished-at="2022-03-04T09:13:31 IST" duration-ms="13923">
      <class name="Testng_POM_UTIlity_Emptyfield_errors.Testclasswithemptyfield">
        <test-method is-config="true" signature="launching()[pri:0, instance:Testng_POM_UTIlity_Emptyfield_errors.Testclasswithemptyfield@3f6f6701]" started-at="2022-03-04T09:13:17 IST" name="launching" finished-at="2022-03-04T09:13:28 IST" duration-ms="10628" status="PASS">
          <reporter-output>
          </reporter-output>
        </test-method> <!-- launching -->
        <test-method is-config="true" signature="loginepage()[pri:0, instance:Testng_POM_UTIlity_Emptyfield_errors.Testclasswithemptyfield@3f6f6701]" started-at="2022-03-04T09:13:28 IST" name="loginepage" finished-at="2022-03-04T09:13:28 IST" duration-ms="151" status="PASS">
          <reporter-output>
          </reporter-output>
        </test-method> <!-- loginepage -->
        <test-method signature="validationerror()[pri:0, instance:Testng_POM_UTIlity_Emptyfield_errors.Testclasswithemptyfield@3f6f6701]" started-at="2022-03-04T09:13:28 IST" name="validationerror" finished-at="2022-03-04T09:13:31 IST" duration-ms="3017" status="PASS">
          <reporter-output>
            <line>
              <![CDATA[all matched]]>
            </line>
            <line>
              <![CDATA[all pass matched]]>
            </line>
          </reporter-output>
        </test-method> <!-- validationerror -->
      </class> <!-- Testng_POM_UTIlity_Emptyfield_errors.Testclasswithemptyfield -->
    </test> <!-- Default test -->
  </suite> <!-- Default suite -->
</testng-results>
